0 info it worked if it ends with ok
1 verbose cli [ '/Users/rbk16/.nvm/versions/node/v6.11.2/bin/node',
1 verbose cli   '/Users/rbk16/.nvm/versions/node/v6.11.2/bin/npm',
1 verbose cli   'start' ]
2 info using npm@3.10.10
3 info using node@v6.11.2
4 verbose run-script [ 'prestart', 'start', 'poststart' ]
5 info lifecycle poke-mongodb@1.0.0~prestart: poke-mongodb@1.0.0
6 silly lifecycle poke-mongodb@1.0.0~prestart: no script for prestart, continuing
7 info lifecycle poke-mongodb@1.0.0~start: poke-mongodb@1.0.0
8 verbose lifecycle poke-mongodb@1.0.0~start: unsafe-perm in lifecycle true
9 verbose lifecycle poke-mongodb@1.0.0~start: PATH: /Users/rbk16/.nvm/versions/node/v6.11.2/lib/node_modules/npm/bin/node-gyp-bin:/Users/rbk16/Desktop/rbk4-summery-assessment/node_modules/.bin:/Users/rbk16/.nvm/versions/node/v6.11.2/bin:/usr/local/bin:/usr/bin:/bin:/usr/sbin:/sbin:/Users/rbk16/Downloads/bin
10 verbose lifecycle poke-mongodb@1.0.0~start: CWD: /Users/rbk16/Desktop/rbk4-summery-assessment
11 silly lifecycle poke-mongodb@1.0.0~start: Args: [ '-c', 'node server' ]
12 silly lifecycle poke-mongodb@1.0.0~start: Returned: code: 1  signal: null
13 info lifecycle poke-mongodb@1.0.0~start: Failed to exec start script
14 verbose stack Error: poke-mongodb@1.0.0 start: `node server`
14 verbose stack Exit status 1
14 verbose stack     at EventEmitter.<anonymous> (/Users/rbk16/.nvm/versions/node/v6.11.2/lib/node_modules/npm/lib/utils/lifecycle.js:255:16)
14 verbose stack     at emitTwo (events.js:106:13)
14 verbose stack     at EventEmitter.emit (events.js:191:7)
14 verbose stack     at ChildProcess.<anonymous> (/Users/rbk16/.nvm/versions/node/v6.11.2/lib/node_modules/npm/lib/utils/spawn.js:40:14)
14 verbose stack     at emitTwo (events.js:106:13)
14 verbose stack     at ChildProcess.emit (events.js:191:7)
14 verbose stack     at maybeClose (internal/child_process.js:891:16)
14 verbose stack     at Process.ChildProcess._handle.onexit (internal/child_process.js:226:5)
15 verbose pkgid poke-mongodb@1.0.0
16 verbose cwd /Users/rbk16/Desktop/rbk4-summery-assessment
17 error Darwin 16.4.0
18 error argv "/Users/rbk16/.nvm/versions/node/v6.11.2/bin/node" "/Users/rbk16/.nvm/versions/node/v6.11.2/bin/npm" "start"
19 error node v6.11.2
20 error npm  v3.10.10
21 error code ELIFECYCLE
22 error poke-mongodb@1.0.0 start: `node server`
22 error Exit status 1
23 error Failed at the poke-mongodb@1.0.0 start script 'node server'.
23 error Make sure you have the latest version of node.js and npm installed.
23 error If you do, this is most likely a problem with the poke-mongodb package,
23 error not with npm itself.
23 error Tell the author that this fails on your system:
23 error     node server
23 error You can get information on how to open an issue for this project with:
23 error     npm bugs poke-mongodb
23 error Or if that isn't available, you can get their info via:
23 error     npm owner ls poke-mongodb
23 error There is likely additional logging output above.
24 verbose exit [ 1, true ]
